2026-03-19T08:14:51.8265793Z Current runner version: '2.332.0'
2026-03-19T08:14:51.8273722Z Runner name: 'gh-self-hosted'
2026-03-19T08:14:51.8274750Z Runner group name: 'default'
2026-03-19T08:14:51.8276013Z Machine name: 'gh-self-hosted'
2026-03-19T08:14:51.8279391Z ##[group]GITHUB_TOKEN Permissions
2026-03-19T08:14:51.8282333Z Contents: read
2026-03-19T08:14:51.8283076Z Metadata: read
2026-03-19T08:14:51.8283788Z SecurityEvents: write
2026-03-19T08:14:51.8284575Z ##[endgroup]
2026-03-19T08:14:51.8287596Z Secret source: Actions
2026-03-19T08:14:51.8288354Z Prepare workflow directory
2026-03-19T08:14:51.9201837Z Prepare all required actions
2026-03-19T08:14:51.9274402Z Getting action download info
2026-03-19T08:14:53.0120689Z Download action repository 'actions/checkout@v4' (SHA:34e114876b0b11c390a56381ad16ebd13914f8d5)
2026-03-19T08:14:54.1086132Z Download action repository 'github/codeql-action@v3' (SHA:603b797f8b14b413fe025cd935a91c16c4782713)
2026-03-19T08:14:56.6502210Z Uses: gattolab/ci-workflows/.github/workflows/reusable-workflow-ci.yml@refs/heads/main (19d45c696973f0a3310c3d6b8859ad65e2817e1c)
2026-03-19T08:14:56.6507259Z ##[group] Inputs
2026-03-19T08:14:56.6507660Z   app_name: wrappp
2026-03-19T08:14:56.6507979Z   deployment_path: manifest/wrappp/
2026-03-19T08:14:56.6508426Z   build_args: --build-arg GO_VERSION=1.26.1
2026-03-19T08:14:56.6508815Z   codeql_language: go
2026-03-19T08:14:56.6509212Z   unittest_command: go test -short  ./internal/usecase/...
2026-03-19T08:14:56.6509671Z   trivy_severity: CRITICAL,HIGH
2026-03-19T08:14:56.6510428Z   fail_on_security_issues: true
2026-03-19T08:14:56.6510769Z ##[endgroup]
2026-03-19T08:14:56.6511072Z Complete job name: ci / ① CodeQL Analysis
2026-03-19T08:14:56.7403770Z ##[group]Run actions/checkout@v4
2026-03-19T08:14:56.7404827Z with:
2026-03-19T08:14:56.7405166Z   fetch-depth: 2
2026-03-19T08:14:56.7405624Z   repository: gattolab/wrappp
2026-03-19T08:14:56.7406327Z   token: ***
2026-03-19T08:14:56.7406600Z   ssh-strict: true
2026-03-19T08:14:56.7406899Z   ssh-user: git
2026-03-19T08:14:56.7407213Z   persist-credentials: true
2026-03-19T08:14:56.7407565Z   clean: true
2026-03-19T08:14:56.7407875Z   sparse-checkout-cone-mode: true
2026-03-19T08:14:56.7408232Z   fetch-tags: false
2026-03-19T08:14:56.7408534Z   show-progress: true
2026-03-19T08:14:56.7408821Z   lfs: false
2026-03-19T08:14:56.7409100Z   submodules: false
2026-03-19T08:14:56.7409396Z   set-safe-directory: true
2026-03-19T08:14:56.7410047Z ##[endgroup]
2026-03-19T08:14:56.9235211Z Syncing repository: gattolab/wrappp
2026-03-19T08:14:56.9237399Z ##[group]Getting Git version info
2026-03-19T08:14:56.9238100Z Working directory is '/opt/github-runner/_work/wrappp/wrappp'
2026-03-19T08:14:56.9239014Z [command]/usr/bin/git version
2026-03-19T08:14:56.9239475Z git version 2.47.3
2026-03-19T08:14:56.9240709Z ##[endgroup]
2026-03-19T08:14:56.9245695Z Temporarily overriding HOME='/opt/github-runner/_work/_temp/27e349a0-a223-4082-8ba3-dc925da53df1' before making global git config changes
2026-03-19T08:14:56.9246842Z Adding repository directory to the temporary git global config as a safe directory
2026-03-19T08:14:56.9247765Z [command]/usr/bin/git config --global --add safe.directory /opt/github-runner/_work/wrappp/wrappp
2026-03-19T08:14:56.9315988Z [command]/usr/bin/git config --local --get remote.origin.url
2026-03-19T08:14:56.9365713Z https://github.com/gattolab/wrappp
2026-03-19T08:14:56.9386494Z ##[group]Removing previously created refs, to avoid conflicts
2026-03-19T08:14:56.9391412Z [command]/usr/bin/git rev-parse --symbolic-full-name --verify --quiet HEAD
2026-03-19T08:14:56.9434057Z refs/heads/main
2026-03-19T08:14:56.9443375Z [command]/usr/bin/git checkout --detach
2026-03-19T08:14:56.9557478Z HEAD is now at dbc38e9 ci: update reusable workflow added part security.
2026-03-19T08:14:56.9642406Z [command]/usr/bin/git branch --delete --force main
2026-03-19T08:14:56.9707727Z Deleted branch main (was dbc38e9).
2026-03-19T08:14:56.9777182Z ##[endgroup]
2026-03-19T08:14:56.9778372Z [command]/usr/bin/git submodule status
2026-03-19T08:14:57.0859301Z ##[group]Cleaning the repository
2026-03-19T08:14:57.0873361Z [command]/usr/bin/git clean -ffdx
2026-03-19T08:14:57.1004729Z Removing image.tar
2026-03-19T08:14:57.1027204Z [command]/usr/bin/git reset --hard HEAD
2026-03-19T08:14:57.1101802Z HEAD is now at dbc38e9 ci: update reusable workflow added part security.
2026-03-19T08:14:57.1107229Z ##[endgroup]
2026-03-19T08:14:57.1109944Z ##[group]Disabling automatic garbage collection
2026-03-19T08:14:57.1118604Z [command]/usr/bin/git config --local gc.auto 0
2026-03-19T08:14:57.1214039Z ##[endgroup]
2026-03-19T08:14:57.1215789Z ##[group]Setting up auth
2026-03-19T08:14:57.1246211Z [command]/usr/bin/git config --local --name-only --get-regexp core\.sshCommand
2026-03-19T08:14:57.1349097Z [command]/usr/bin/git submodule foreach --recursive sh -c "git config --local --name-only --get-regexp 'core\.sshCommand' && git config --local --unset-all 'core.sshCommand' || :"
2026-03-19T08:14:57.2540062Z [command]/usr/bin/git config --local --name-only --get-regexp http\.https\:\/\/github\.com\/\.extraheader
2026-03-19T08:14:57.2609199Z [command]/usr/bin/git submodule foreach --recursive sh -c "git config --local --name-only --get-regexp 'http\.https\:\/\/github\.com\/\.extraheader' && git config --local --unset-all 'http.https://github.com/.extraheader' || :"
2026-03-19T08:14:57.3736257Z [command]/usr/bin/git config --local --name-only --get-regexp ^includeIf\.gitdir:
2026-03-19T08:14:57.3849767Z [command]/usr/bin/git submodule foreach --recursive git config --local --show-origin --name-only --get-regexp remote.origin.url
2026-03-19T08:14:57.5058235Z [command]/usr/bin/git config --local http.https://github.com/.extraheader AUTHORIZATION: basic ***
2026-03-19T08:14:57.5137779Z ##[endgroup]
2026-03-19T08:14:57.5139191Z ##[group]Fetching the repository
2026-03-19T08:14:57.5153242Z [command]/usr/bin/git -c protocol.version=2 fetch --no-tags --prune --no-recurse-submodules --depth=2 origin +dbc38e998fd74c3a1bfd9c1e17ad96f2dbbcf888:refs/remotes/origin/main
2026-03-19T08:14:58.3425630Z ##[endgroup]
2026-03-19T08:14:58.3426658Z ##[group]Determining the checkout info
2026-03-19T08:14:58.3427739Z ##[endgroup]
2026-03-19T08:14:58.3438223Z [command]/usr/bin/git sparse-checkout disable
2026-03-19T08:14:58.3507811Z [command]/usr/bin/git config --local --unset-all extensions.worktreeConfig
2026-03-19T08:14:58.3559846Z ##[group]Checking out the ref
2026-03-19T08:14:58.3566326Z [command]/usr/bin/git checkout --progress --force -B main refs/remotes/origin/main
2026-03-19T08:14:58.3629976Z Switched to a new branch 'main'
2026-03-19T08:14:58.3631344Z branch 'main' set up to track 'origin/main'.
2026-03-19T08:14:58.3639972Z ##[endgroup]
2026-03-19T08:14:58.3744627Z [command]/usr/bin/git log -1 --format=%H
2026-03-19T08:14:58.3816650Z dbc38e998fd74c3a1bfd9c1e17ad96f2dbbcf888
2026-03-19T08:14:58.4268361Z ##[group]Run github/codeql-action/init@v3
2026-03-19T08:14:58.4268781Z with:
2026-03-19T08:14:58.4269212Z   languages: go
2026-03-19T08:14:58.4269508Z   analysis-kinds: code-scanning
2026-03-19T08:14:58.4270152Z   token: ***
2026-03-19T08:14:58.4270407Z   matrix: null
2026-03-19T08:14:58.4270688Z   debug: false
2026-03-19T08:14:58.4270977Z   check-run-id: 67708875929
2026-03-19T08:14:58.4271312Z ##[endgroup]
2026-03-19T08:14:58.6805188Z ##[warning]CodeQL Action v3 will be deprecated in December 2026. Please update all occurrences of the CodeQL Action in your workflow files to v4. For more information, see https://github.blog/changelog/2025-10-28-upcoming-deprecation-of-codeql-action-v3/
2026-03-19T08:14:59.1788497Z Job run UUID is 63cbeca9-3799-40db-8aaa-259f14ab12d5.
2026-03-19T08:15:01.6894839Z ##[group]Setup CodeQL tools
2026-03-19T08:15:01.6930700Z [command]/usr/bin/tar --version
2026-03-19T08:15:01.7033959Z tar (GNU tar) 1.34
2026-03-19T08:15:01.7036048Z Copyright (C) 2021 Free Software Foundation, Inc.
2026-03-19T08:15:01.7038102Z License GPLv3+: GNU GPL version 3 or later <https://gnu.org/licenses/gpl.html>.
2026-03-19T08:15:01.7040834Z This is free software: you are free to change and redistribute it.
2026-03-19T08:15:01.7043569Z There is NO WARRANTY, to the extent permitted by law.
2026-03-19T08:15:01.7045040Z 
2026-03-19T08:15:01.7045964Z Written by John Gilmore and Jay Fenlason.
2026-03-19T08:15:01.7051650Z Found gnu tar version 1.34.
2026-03-19T08:15:01.7077752Z Did not find CodeQL tools version 2.24.3 in the toolcache.
2026-03-19T08:15:01.7083681Z Using CodeQL CLI version 2.24.3 sourced from https://github.com/github/codeql-action/releases/download/codeql-bundle-v2.24.3/codeql-bundle-linux64.tar.gz .
2026-03-19T08:15:01.7098740Z Downloading CodeQL tools from https://github.com/github/codeql-action/releases/download/codeql-bundle-v2.24.3/codeql-bundle-linux64.tar.gz . This may take a while.
2026-03-19T08:15:26.0563021Z Finished downloading CodeQL bundle to /opt/github-runner/_work/_temp/27824d6b-4812-47ac-a4bb-a2bbff96c405 (24.3s).
2026-03-19T08:15:26.0566226Z Extracting CodeQL bundle.
2026-03-19T08:15:26.0802645Z [command]/usr/bin/tar xz --warning=no-unknown-keyword --overwrite -C /opt/github-runner/_work/_tool/CodeQL/2.24.3/x64 -f /opt/github-runner/_work/_temp/27824d6b-4812-47ac-a4bb-a2bbff96c405
2026-03-19T08:15:38.3856386Z Finished extracting CodeQL bundle to /opt/github-runner/_work/_tool/CodeQL/2.24.3/x64 (12.3s).
2026-03-19T08:15:38.4697896Z Created toolcache marker file /opt/github-runner/_work/_tool/CodeQL/2.24.3/x64.complete
2026-03-19T08:15:39.3067691Z [command]/opt/github-runner/_work/_tool/CodeQL/2.24.3/x64/codeql/codeql version --format=json
2026-03-19T08:15:40.1013049Z {
2026-03-19T08:15:40.1015246Z   "productName" : "CodeQL",
2026-03-19T08:15:40.1016704Z   "vendor" : "GitHub",
2026-03-19T08:15:40.1017522Z   "version" : "2.24.3",
2026-03-19T08:15:40.1018566Z   "sha" : "ae9e7f5e05ca366fd5fb125337e00fc8fb90e498",
2026-03-19T08:15:40.1019778Z   "branches" : [
2026-03-19T08:15:40.1020589Z     "codeql-cli-2.24.3"
2026-03-19T08:15:40.1021393Z   ],
2026-03-19T08:15:40.1022253Z   "copyright" : "Copyright (C) 2019-2026 GitHub, Inc.",
2026-03-19T08:15:40.1024146Z   "unpackedLocation" : "/opt/github-runner/_work/_tool/CodeQL/2.24.3/x64/codeql",
2026-03-19T08:15:40.1026640Z   "configFileLocation" : "/home/github-runner/.config/codeql/config",
2026-03-19T08:15:40.1029679Z   "configFileFound" : false,
2026-03-19T08:15:40.1030625Z   "overlayVersion" : 4,
2026-03-19T08:15:40.1031472Z   "features" : {
2026-03-19T08:15:40.1032312Z     "analysisSummaryV2Default" : true,
2026-03-19T08:15:40.1033416Z     "buildModeOption" : true,
2026-03-19T08:15:40.1034710Z     "bundleSupportsIncludeDiagnostics" : true,
2026-03-19T08:15:40.1036221Z     "bundleSupportsIncludeLogs" : true,
2026-03-19T08:15:40.1037372Z     "bundleSupportsOverlay" : true,
2026-03-19T08:15:40.1038845Z     "databaseInterpretResultsSupportsSarifRunProperty" : true,
2026-03-19T08:15:40.1041314Z     "featuresInVersionResult" : true,
2026-03-19T08:15:40.1042639Z     "indirectTracingSupportsStaticBinaries" : false,
2026-03-19T08:15:40.1044122Z     "informsAboutUnsupportedPathFilters" : true,
2026-03-19T08:15:40.1045758Z     "supportsPython312" : true,
2026-03-19T08:15:40.1046778Z     "mrvaPackCreate" : true,
2026-03-19T08:15:40.1047740Z     "threatModelOption" : true,
2026-03-19T08:15:40.1048750Z     "traceCommandUseBuildMode" : true,
2026-03-19T08:15:40.1049832Z     "v2ramSizing" : true,
2026-03-19T08:15:40.1050845Z     "mrvaPackCreateMultipleQueries" : true,
2026-03-19T08:15:40.1052033Z     "setsCodeqlRunnerEnvVar" : true,
2026-03-19T08:15:40.1053195Z     "sarifMergeRunsFromEqualCategory" : true,
2026-03-19T08:15:40.1054574Z     "forceOverwrite" : true,
2026-03-19T08:15:40.1055766Z     "generateSummarySymbolMap" : true,
2026-03-19T08:15:40.1057080Z     "pythonDefaultIsToNotExtractStdlib" : true,
2026-03-19T08:15:40.1058488Z     "queryServerRunQueries" : true,
2026-03-19T08:15:40.1059598Z     "queryServerTrimCacheWithMode" : true,
2026-03-19T08:15:40.1060975Z     "builtinExtractorsSpecifyDefaultQueries" : true,
2026-03-19T08:15:40.1062268Z     "bqrsDiffResultSets" : true,
2026-03-19T08:15:40.1063346Z     "bundleSupportsIncludeOption" : true
2026-03-19T08:15:40.1064970Z   }
2026-03-19T08:15:40.1065876Z }
2026-03-19T08:15:40.1282955Z ##[endgroup]
2026-03-19T08:15:40.1284355Z ##[group]Validating workflow
2026-03-19T08:15:41.4202827Z Detected no issues with the code scanning workflow.
2026-03-19T08:15:41.4209603Z ##[endgroup]
2026-03-19T08:15:41.4213483Z ##[group]Load language configuration
2026-03-19T08:15:41.4221960Z [command]/opt/github-runner/_work/_tool/CodeQL/2.24.3/x64/codeql/codeql resolve languages --format=betterjson --extractor-options-verbosity=4 --extractor-include-aliases --filter-to-languages-with-queries
2026-03-19T08:15:42.4870178Z {
2026-03-19T08:15:42.4871127Z   "aliases" : {
2026-03-19T08:15:42.4871951Z     "c" : "cpp",
2026-03-19T08:15:42.4872686Z     "c++" : "cpp",
2026-03-19T08:15:42.4873446Z     "c-c++" : "cpp",
2026-03-19T08:15:42.4874548Z     "c-cpp" : "cpp",
2026-03-19T08:15:42.4876111Z     "c#" : "csharp",
2026-03-19T08:15:42.4876967Z     "java-kotlin" : "java",
2026-03-19T08:15:42.4877849Z     "kotlin" : "java",
2026-03-19T08:15:42.4878838Z     "javascript-typescript" : "javascript",
2026-03-19T08:15:42.4879983Z     "typescript" : "javascript"
2026-03-19T08:15:42.4880903Z   },
2026-03-19T08:15:42.4881546Z   "extractors" : {
2026-03-19T08:15:42.4882306Z     "rust" : [
2026-03-19T08:15:42.4883159Z       {
2026-03-19T08:15:42.4884683Z         "extractor_root" : "/opt/github-runner/_work/_tool/CodeQL/2.24.3/x64/codeql/rust",
2026-03-19T08:15:42.4886946Z         "extractor_options" : {
2026-03-19T08:15:42.4887897Z           "trap" : {
2026-03-19T08:15:42.4888848Z             "title" : "Options pertaining to TRAP.",
2026-03-19T08:15:42.4890219Z             "description" : "Options pertaining to TRAP.",
2026-03-19T08:15:42.4891712Z             "type" : "object",
2026-03-19T08:15:42.4892628Z             "properties" : {
2026-03-19T08:15:42.4893598Z               "compression" : {
2026-03-19T08:15:42.4895547Z                 "title" : "Controls compression for the TRAP files written by the extractor.",
2026-03-19T08:15:42.4900461Z                 "description" : "This option is only intended for use in debugging the extractor. Accepted values are 'gzip' (to write gzip-compressed TRAP) 'zstd' (to write Zstandard-compressed TRAP) and 'none' (the default, to write uncompressed TRAP).\n",
2026-03-19T08:15:42.4904886Z                 "type" : "string",
2026-03-19T08:15:42.4906140Z                 "pattern" : "^(none|gzip|zstd)$"
2026-03-19T08:15:42.4907227Z               }
2026-03-19T08:15:42.4907905Z             }
2026-03-19T08:15:42.4908604Z           },
2026-03-19T08:15:42.4909324Z           "cargo_target_dir" : {
2026-03-19T08:15:42.4910530Z             "title" : "Directory to use for cargo output files.",
2026-03-19T08:15:42.4916993Z             "description" : "This value is an optional path to use as `CARGO_TARGET_DIR` for the internal cargo commands the extractor uses. Pointing it to a persistent directory may reduce execution time of consecutive extractor runs. By default, a new scratch directory is used for each run.\n",
2026-03-19T08:15:42.4921835Z             "type" : "string"
2026-03-19T08:15:42.4922719Z           },
2026-03-19T08:15:42.4923433Z           "cargo_target" : {
2026-03-19T08:15:42.4924594Z             "title" : "Target architecture",
2026-03-19T08:15:42.4927501Z             "description" : "Target architecture to use for analysis, analogous to `cargo --target`. By default the host architecture is used.\n",
2026-03-19T08:15:42.4930052Z             "type" : "string"
2026-03-19T08:15:42.4930935Z           },
2026-03-19T08:15:42.4931650Z           "cargo_features" : {
2026-03-19T08:15:42.4932682Z             "title" : "Cargo features to turn on",
2026-03-19T08:15:42.4937792Z             "description" : "Comma-separated list of features to turn on. By default all features are enabled. If any features are specified, then only those features are enabled. The `default` feature must be explicitly specified if only default features are desired. Can be repeated.\n",
2026-03-19T08:15:42.4942486Z             "type" : "array"
2026-03-19T08:15:42.4943884Z           },
2026-03-19T08:15:42.4944793Z           "cargo_cfg_overrides" : {
2026-03-19T08:15:42.4946106Z             "title" : "Cargo cfg overrides",
2026-03-19T08:15:42.4948404Z             "description" : "Comma-separated list of cfg settings to enable, or disable if prefixed with `-`. Can be repeated.\n",
2026-03-19T08:15:42.4950721Z             "type" : "array"
2026-03-19T08:15:42.4951724Z           },
2026-03-19T08:15:42.4952129Z           "logging" : {
2026-03-19T08:15:42.4952724Z             "title" : "Options pertaining to logging.",
2026-03-19T08:15:42.4953531Z             "description" : "Options pertaining to logging.",
2026-03-19T08:15:42.4954370Z             "type" : "object",
2026-03-19T08:15:42.4954907Z             "properties" : {
2026-03-19T08:15:42.4955606Z               "verbosity" : {
2026-03-19T08:15:42.4956237Z                 "title" : "Extractor logging verbosity level.",
2026-03-19T08:15:42.4958750Z                 "description" : "Controls the level of verbosity of the extractor. The supported levels are (in order of increasing verbosity):\n  - off\n  - errors\n  - warnings\n  - info or progress\n  - debug or progress+\n  - trace or progress++\n  - progress+++\n",
2026-03-19T08:15:42.4961141Z                 "type" : "string",
2026-03-19T08:15:42.4962317Z                 "pattern" : "^(off|errors|warnings|(info|progress)|(debug|progress\\+)|(trace|progress\\+\\+)|progress\\+\\+\\+)$"
2026-03-19T08:15:42.4963539Z               },
2026-03-19T08:15:42.4963968Z               "flamegraph" : {
2026-03-19T08:15:42.4964811Z                 "title" : "[Experimental] File path for write flame graph log",
2026-03-19T08:15:42.4967283Z                 "description" : "Collect flame graph data using the `tracing-flame` crate. To render a flame graph or chart, run the `inferno-flamegraph` command. See also: https://crates.io/crates/tracing-flame\n",
2026-03-19T08:15:42.4969275Z                 "type" : "string"
2026-03-19T08:15:42.4970060Z               }
2026-03-19T08:15:42.4970497Z             }
2026-03-19T08:15:42.4970892Z           },
2026-03-19T08:15:42.4971386Z           "extract_dependencies_as_source" : {
2026-03-19T08:15:42.4972133Z             "title" : "Extract dependencies as source code",
2026-03-19T08:15:42.4973426Z             "description" : "Extract the full source code of dependencies instead of only extracting signatures.\n",
2026-03-19T08:15:42.4974681Z             "type" : "string",
2026-03-19T08:15:42.4975607Z             "pattern" : "^(false|true)$"
2026-03-19T08:15:42.4976214Z           }
2026-03-19T08:15:42.4976591Z         }
2026-03-19T08:15:42.4976977Z       }
2026-03-19T08:15:42.4977332Z     ],
2026-03-19T08:15:42.4977718Z     "cpp" : [
2026-03-19T08:15:42.4978099Z       {
2026-03-19T08:15:42.4979129Z         "extractor_root" : "/opt/github-runner/_work/_tool/CodeQL/2.24.3/x64/codeql/cpp",
2026-03-19T08:15:42.4980105Z         "extractor_options" : {
2026-03-19T08:15:42.4980650Z           "trap" : {
2026-03-19T08:15:42.4981128Z             "title" : "TRAP options",
2026-03-19T08:15:42.4982007Z             "description" : "Options about how the extractor handles TRAP files",
2026-03-19T08:15:42.4982881Z             "type" : "object",
2026-03-19T08:15:42.4983437Z             "visibility" : 3,
2026-03-19T08:15:42.4983992Z             "properties" : {
2026-03-19T08:15:42.4984585Z               "cache" : {
2026-03-19T08:15:42.4985150Z                 "title" : "TRAP cache options",
2026-03-19T08:15:42.4986251Z                 "description" : "Options about how the extractor handles its TRAP cache",
2026-03-19T08:15:42.4987215Z                 "type" : "object",
2026-03-19T08:15:42.4987780Z                 "properties" : {
2026-03-19T08:15:42.4988343Z                   "dir" : {
2026-03-19T08:15:42.4988907Z                     "title" : "TRAP cache directory",
2026-03-19T08:15:42.4989765Z                     "description" : "The directory of the TRAP cache to use",
2026-03-19T08:15:42.4990598Z                     "type" : "string"
2026-03-19T08:15:42.4991129Z                   },
2026-03-19T08:15:42.4991823Z                   "bound" : {
2026-03-19T08:15:42.4992378Z                     "title" : "TRAP cache bound",
2026-03-19T08:15:42.4993303Z                     "description" : "A soft limit (in MB) on the size of the TRAP cache",
2026-03-19T08:15:42.4994282Z                     "type" : "string",
2026-03-19T08:15:42.4994887Z                     "pattern" : "[0-9]+"
2026-03-19T08:15:42.4995608Z                   },
2026-03-19T08:15:42.4996074Z                   "write" : {
2026-03-19T08:15:42.4996676Z                     "title" : "TRAP cache writeable",
2026-03-19T08:15:42.4997651Z                     "description" : "Whether to write to the TRAP cache as well as reading it",
2026-03-19T08:15:42.4998626Z                     "type" : "string",
2026-03-19T08:15:42.4999273Z                     "pattern" : "(true|TRUE|false|FALSE)"
2026-03-19T08:15:42.4999936Z                   }
2026-03-19T08:15:42.5000341Z                 }
2026-03-19T08:15:42.5000762Z               }
2026-03-19T08:15:42.5001222Z             }
2026-03-19T08:15:42.5001608Z           },
2026-03-19T08:15:42.5002056Z           "scale_timeouts" : {
2026-03-19T08:15:42.5002812Z             "title" : "Value to scale compiler introspection timeouts with",
2026-03-19T08:15:42.5006733Z             "description" : "The extractor attempts to determine what compiler the source code being extracted is compiled with. To this end the extractor makes additional calls to the compiler, some of which are expected to return within a certain fixed time (either 10s or 15s). On some systems that are under high load this time might be too short, and can be scaled up using this option.\n",
2026-03-19T08:15:42.5010220Z             "type" : "string",
2026-03-19T08:15:42.5010750Z             "pattern" : "[0-9]+"
2026-03-19T08:15:42.5011297Z           },
2026-03-19T08:15:42.5011717Z           "log_verbosity" : {
2026-03-19T08:15:42.5012372Z             "title" : "Verbosity of the extractor logging",
2026-03-19T08:15:42.5013900Z             "description" : "Set the verbosity of the extractor logging to 'quiet' (0), 'normal' (1), 'chatty' (2), or 'noisy' (3). The default is 'normal'.\n",
2026-03-19T08:15:42.5015607Z             "type" : "string",
2026-03-19T08:15:42.5016165Z             "pattern" : "[0-3]"
2026-03-19T08:15:42.5016665Z           },
2026-03-19T08:15:42.5017121Z           "frontend_options" : {
2026-03-19T08:15:42.5017821Z             "title" : "C/C++ extractor frontend options",
2026-03-19T08:15:42.5019051Z             "description" : "Set additional options that should be passed to the C/C++ extractor frontend.\n",
2026-03-19T08:15:42.5020168Z             "type" : "array",
2026-03-19T08:15:42.5020706Z             "visibility" : 3
2026-03-19T08:15:42.5021191Z           }
2026-03-19T08:15:42.5021590Z         }
2026-03-19T08:15:42.5022209Z       }
2026-03-19T08:15:42.5022573Z     ],
2026-03-19T08:15:42.5022967Z     "csharp" : [
2026-03-19T08:15:42.5023372Z       {
2026-03-19T08:15:42.5024139Z         "extractor_root" : "/opt/github-runner/_work/_tool/CodeQL/2.24.3/x64/codeql/csharp",
2026-03-19T08:15:42.5025216Z         "extractor_options" : {
2026-03-19T08:15:42.5025882Z           "trap" : {
2026-03-19T08:15:42.5026410Z             "title" : "Options pertaining to TRAP.",
2026-03-19T08:15:42.5027203Z             "description" : "Options pertaining to TRAP.",
2026-03-19T08:15:42.5027887Z             "type" : "object",
2026-03-19T08:15:42.5028434Z             "properties" : {
2026-03-19T08:15:42.5028973Z               "compression" : {
2026-03-19T08:15:42.5029851Z                 "title" : "Controls compression for the TRAP files written by the extractor.",
2026-03-19T08:15:42.5032325Z                 "description" : "This option is only intended for use in debugging the extractor. Accepted values are 'brotli' (the default, to write brotli-compressed TRAP), 'gzip', and 'none' (to write uncompressed TRAP).\n",
2026-03-19T08:15:42.5034474Z                 "type" : "string",
2026-03-19T08:15:42.5035095Z                 "pattern" : "^(none|gzip|brotli)$"
2026-03-19T08:15:42.5036040Z               }
2026-03-19T08:15:42.5036458Z             }
2026-03-19T08:15:42.5036862Z           },
2026-03-19T08:15:42.5037267Z           "buildless" : {
2026-03-19T08:15:42.5038102Z             "title" : "DEPRECATED - Whether to use buildless (standalone) extraction.",
2026-03-19T08:15:42.5042794Z             "description" : "DEPRECATED: Use `--build-mode none` instead.\nA value indicating, which type of extraction the autobuilder should perform. If 'true', then the standalone extractor will be used, otherwise tracing extraction will be performed. The default is 'false'. Note that buildless extraction will generally yield less accurate analysis results, and should only be used in cases where it is not possible to build the code (for example if it uses inaccessible dependencies).\n",
2026-03-19T08:15:42.5047402Z             "type" : "string",
2026-03-19T08:15:42.5047979Z             "pattern" : "^(false|true)$"
2026-03-19T08:15:42.5048541Z           },
2026-03-19T08:15:42.5048971Z           "logging" : {
2026-03-19T08:15:42.5049526Z             "title" : "Options pertaining to logging.",
2026-03-19T08:15:42.5050386Z             "description" : "Options pertaining to logging.",
2026-03-19T08:15:42.5051042Z             "type" : "object",
2026-03-19T08:15:42.5051371Z             "properties" : {
2026-03-19T08:15:42.5051695Z               "verbosity" : {
2026-03-19T08:15:42.5052061Z                 "title" : "Extractor logging verbosity level.",
2026-03-19T08:15:42.5053494Z                 "description" : "Controls the level of verbosity of the extractor. The supported levels are (in order of increasing verbosity):\n  - off\n  - errors\n  - warnings\n  - info or progress\n  - debug or progress+\n  - trace or progress++\n  - progress+++\n",
2026-03-19T08:15:42.5054895Z                 "type" : "string",
2026-03-19T08:15:42.5055687Z                 "pattern" : "^(off|errors|warnings|(info|progress)|(debug|progress\\+)|(trace|progress\\+\\+)|progress\\+\\+\\+)$"
2026-03-19T08:15:42.5056413Z               }
2026-03-19T08:15:42.5056653Z             }
2026-03-19T08:15:42.5056918Z           },
2026-03-19T08:15:42.5057156Z           "binlog" : {
2026-03-19T08:15:42.5057463Z             "title" : "Binlog",
2026-03-19T08:15:42.5058440Z             "description" : "[EXPERIMENTAL] The value is a path to the MsBuild binary log file that should be extracted. This option only works when `--build-mode none` is also specified.\n",
2026-03-19T08:15:42.5059482Z             "type" : "array"
2026-03-19T08:15:42.5059777Z           },
2026-03-19T08:15:42.5060072Z           "buildless_dependency_dir" : {
2026-03-19T08:15:42.5060667Z             "title" : "The path where buildless (standalone) extraction should keep dependencies.",
2026-03-19T08:15:42.5061776Z             "description" : "If set, the buildless (standalone) extractor will store dependencies in this directory.\n",
2026-03-19T08:15:42.5062506Z             "type" : "string"
2026-03-19T08:15:42.5062804Z           }
2026-03-19T08:15:42.5063057Z         }
2026-03-19T08:15:42.5063279Z       }
2026-03-19T08:15:42.5063516Z     ],
2026-03-19T08:15:42.5063740Z     "python" : [
2026-03-19T08:15:42.5064006Z       {
2026-03-19T08:15:42.5064569Z         "extractor_root" : "/opt/github-runner/_work/_tool/CodeQL/2.24.3/x64/codeql/python",
2026-03-19T08:15:42.5065168Z         "extractor_options" : {
2026-03-19T08:15:42.5065680Z           "logging" : {
2026-03-19T08:15:42.5067250Z             "title" : "Options pertaining to logging.",
2026-03-19T08:15:42.5067740Z             "description" : "Options pertaining to logging.",
2026-03-19T08:15:42.5068148Z             "type" : "object",
2026-03-19T08:15:42.5068643Z             "properties" : {
2026-03-19T08:15:42.5068951Z               "verbosity" : {
2026-03-19T08:15:42.5069419Z                 "title" : "Python extractor logging verbosity level.",
2026-03-19T08:15:42.5070970Z                 "description" : "Controls the level of verbosity of the CodeQL Python extractor.\nThe supported levels are (in order of increasing verbosity):\n\n  - off\n  - errors\n  - warnings\n  - info or progress\n  - debug or progress+\n  - trace or progress++\n  - progress+++\n",
2026-03-19T08:15:42.5072628Z                 "type" : "string",
2026-03-19T08:15:42.5073308Z                 "pattern" : "^(off|errors|warnings|(info|progress)|(debug|progress\\+)|(trace|progress\\+\\+)|progress\\+\\+\\+)$"
2026-03-19T08:15:42.5074029Z               }
2026-03-19T08:15:42.5074477Z             }
2026-03-19T08:15:42.5074742Z           },
2026-03-19T08:15:42.5075007Z           "python_executable_name" : {
2026-03-19T08:15:42.5075705Z             "title" : "Controls the name of the Python executable used by the Python extractor.",
2026-03-19T08:15:42.5077878Z             "description" : "The Python extractor uses platform-dependent heuristics to determine the name of the Python executable to use. Specifying a value for this option overrides the name of the Python executable used by the extractor. Accepted values are py, python and python3. Use this setting with caution, the Python extractor requires Python 3 to run.\n",
2026-03-19T08:15:42.5079646Z             "type" : "string",
2026-03-19T08:15:42.5079999Z             "pattern" : "^(py|python|python3)$"
2026-03-19T08:15:42.5080345Z           }
2026-03-19T08:15:42.5080580Z         }
2026-03-19T08:15:42.5080823Z       }
2026-03-19T08:15:42.5081035Z     ],
2026-03-19T08:15:42.5081275Z     "java" : [
2026-03-19T08:15:42.5081659Z       {
2026-03-19T08:15:42.5082110Z         "extractor_root" : "/opt/github-runner/_work/_tool/CodeQL/2.24.3/x64/codeql/java",
2026-03-19T08:15:42.5082671Z         "extractor_options" : {
2026-03-19T08:15:42.5083005Z           "exclude" : {
2026-03-19T08:15:42.5083348Z             "title" : "A glob excluding files from analysis.",
2026-03-19T08:15:42.5084489Z             "description" : "A glob indicating what files to exclude from the analysis. This accepts glob patterns that are supported by Java's 'getPathMatcher' implementation.\n",
2026-03-19T08:15:42.5085603Z             "type" : "string"
2026-03-19T08:15:42.5085901Z           },
2026-03-19T08:15:42.5086178Z           "add_prefer_source" : {
2026-03-19T08:15:42.5086640Z             "title" : "Whether to always prefer source files over class files.",
2026-03-19T08:15:42.5088327Z             "description" : "A value indicating whether source files should be preferred over class files. If set to 'true', the extraction adds '-Xprefer:source' to the javac command line. If set to 'false', the extraction uses the default javac behavior ('-Xprefer:newer'). The default is 'true'.\n",
2026-03-19T08:15:42.5089883Z             "type" : "string",
2026-03-19T08:15:42.5090210Z             "pattern" : "^(false|true)$"
2026-03-19T08:15:42.5090572Z           },
2026-03-19T08:15:42.5090821Z           "buildless" : {
2026-03-19T08:15:42.5091513Z             "title" : "Whether to use buildless (standalone) extraction (experimental).",
2026-03-19T08:15:42.5093953Z             "description" : "A value indicating, which type of extraction the autobuilder should perform. If 'true', then the standalone extractor will be used, otherwise tracing extraction will be performed. The default is 'false'. Note that buildless extraction will generally yield less accurate analysis results, and should only be used in cases where it is not possible to build the code (for example if it uses inaccessible dependencies).\n",
2026-03-19T08:15:42.5096370Z             "type" : "string",
2026-03-19T08:15:42.5096728Z             "pattern" : "^(false|true)$"
2026-03-19T08:15:42.5097059Z           },
2026-03-19T08:15:42.5097353Z           "buildless_dependency_dir" : {
2026-03-19T08:15:42.5097944Z             "title" : "The path where buildless (standalone) extraction should keep dependencies.",
2026-03-19T08:15:42.5098900Z             "description" : "If set, the buildless (standalone) extractor will store dependencies in this directory.\n",
2026-03-19T08:15:42.5099595Z             "type" : "string"
2026-03-19T08:15:42.5100108Z           },
2026-03-19T08:15:42.5100415Z           "minimize_dependency_jars" : {
2026-03-19T08:15:42.5101285Z             "title" : "Whether to rewrite and minimize downloaded JAR dependencies (experimental).",
2026-03-19T08:15:42.5102544Z             "description" : "If 'true', JAR dependencies downloaded during extraction will be rewritten to remove unneeded data, such as method bodies. The default is 'false'.\n",
2026-03-19T08:15:42.5103783Z             "type" : "string",
2026-03-19T08:15:42.5104171Z             "pattern" : "^(false|true)$"
2026-03-19T08:15:42.5104621Z           }
2026-03-19T08:15:42.5104888Z         }
2026-03-19T08:15:42.5105154Z       }
2026-03-19T08:15:42.5105491Z     ],
2026-03-19T08:15:42.5105748Z     "go" : [
2026-03-19T08:15:42.5105996Z       {
2026-03-19T08:15:42.5106489Z         "extractor_root" : "/opt/github-runner/_work/_tool/CodeQL/2.24.3/x64/codeql/go",
2026-03-19T08:15:42.5107098Z         "extractor_options" : {
2026-03-19T08:15:42.5107476Z           "extract_tests" : {
2026-03-19T08:15:42.5107970Z             "title" : "Whether to include Go test files in the CodeQL database.",
2026-03-19T08:15:42.5109015Z             "description" : "A value indicating whether Go test files should be included in the CodeQL database. The default is 'false'.\n",
2026-03-19T08:15:42.5109897Z             "type" : "string",
2026-03-19T08:15:42.5110249Z             "pattern" : "^(false|true)$"
2026-03-19T08:15:42.5110639Z           },
2026-03-19T08:15:42.5110915Z           "extract_vendor_dirs" : {
2026-03-19T08:15:42.5111498Z             "title" : "Whether to include Go vendor directories in the CodeQL database.",
2026-03-19T08:15:42.5112609Z             "description" : "A value indicating whether Go vendor directories should be included in the CodeQL database. The default is 'false'.\n",
2026-03-19T08:15:42.5113555Z             "type" : "string",
2026-03-19T08:15:42.5113904Z             "pattern" : "^(false|true)$"
2026-03-19T08:15:42.5114340Z           }
2026-03-19T08:15:42.5114608Z         }
2026-03-19T08:15:42.5114838Z       }
2026-03-19T08:15:42.5115528Z     ],
2026-03-19T08:15:42.5115777Z     "actions" : [
2026-03-19T08:15:42.5116073Z       {
2026-03-19T08:15:42.5116560Z         "extractor_root" : "/opt/github-runner/_work/_tool/CodeQL/2.24.3/x64/codeql/actions",
2026-03-19T08:15:42.5117226Z         "extractor_options" : {
2026-03-19T08:15:42.5117568Z           "trap" : {
2026-03-19T08:15:42.5118020Z             "title" : "TRAP options",
2026-03-19T08:15:42.5118553Z             "description" : "Options about how the extractor handles TRAP files",
2026-03-19T08:15:42.5119140Z             "type" : "object",
2026-03-19T08:15:42.5119502Z             "visibility" : 3,
2026-03-19T08:15:42.5119950Z             "properties" : {
2026-03-19T08:15:42.5120274Z               "cache" : {
2026-03-19T08:15:42.5120986Z                 "title" : "TRAP cache options",
2026-03-19T08:15:42.5121576Z                 "description" : "Options about how the extractor handles its TRAP cache",
2026-03-19T08:15:42.5122116Z                 "type" : "object",
2026-03-19T08:15:42.5122484Z                 "properties" : {
2026-03-19T08:15:42.5122801Z                   "dir" : {
2026-03-19T08:15:42.5123151Z                     "title" : "TRAP cache directory",
2026-03-19T08:15:42.5123661Z                     "description" : "The directory of the TRAP cache to use",
2026-03-19T08:15:42.5124129Z                     "type" : "string"
2026-03-19T08:15:42.5124547Z                   },
2026-03-19T08:15:42.5124814Z                   "bound" : {
2026-03-19T08:15:42.5125169Z                     "title" : "TRAP cache bound",
2026-03-19T08:15:42.5125853Z                     "description" : "A soft limit (in MB) on the size of the TRAP cache",
2026-03-19T08:15:42.5126407Z                     "type" : "string",
2026-03-19T08:15:42.5126766Z                     "pattern" : "[0-9]+"
2026-03-19T08:15:42.5127142Z                   },
2026-03-19T08:15:42.5127441Z                   "write" : {
2026-03-19T08:15:42.5127960Z                     "title" : "TRAP cache writeable",
2026-03-19T08:15:42.5128617Z                     "description" : "Whether to write to the TRAP cache as well as reading it",
2026-03-19T08:15:42.5129829Z                     "type" : "string",
2026-03-19T08:15:42.5130246Z                     "pattern" : "(true|TRUE|false|FALSE)"
2026-03-19T08:15:42.5130623Z                   }
2026-03-19T08:15:42.5130908Z                 }
2026-03-19T08:15:42.5131158Z               }
2026-03-19T08:15:42.5131424Z             }
2026-03-19T08:15:42.5131655Z           }
2026-03-19T08:15:42.5131912Z         }
2026-03-19T08:15:42.5132156Z       }
2026-03-19T08:15:42.5132371Z     ],
2026-03-19T08:15:42.5132624Z     "javascript" : [
2026-03-19T08:15:42.5132884Z       {
2026-03-19T08:15:42.5133376Z         "extractor_root" : "/opt/github-runner/_work/_tool/CodeQL/2.24.3/x64/codeql/javascript",
2026-03-19T08:15:42.5133978Z         "extractor_options" : {
2026-03-19T08:15:42.5134376Z           "trap" : {
2026-03-19T08:15:42.5134665Z             "title" : "TRAP options",
2026-03-19T08:15:42.5135182Z             "description" : "Options about how the extractor handles TRAP files",
2026-03-19T08:15:42.5136142Z             "type" : "object",
2026-03-19T08:15:42.5157160Z             "visibility" : 3,
2026-03-19T08:15:42.5157602Z             "properties" : {
2026-03-19T08:15:42.5158046Z               "cache" : {
2026-03-19T08:15:42.5158553Z                 "title" : "TRAP cache options",
2026-03-19T08:15:42.5160205Z                 "description" : "Options about how the extractor handles its TRAP cache",
2026-03-19T08:15:42.5161898Z                 "type" : "object",
2026-03-19T08:15:42.5162948Z                 "properties" : {
2026-03-19T08:15:42.5163941Z                   "dir" : {
2026-03-19T08:15:42.5165089Z                     "title" : "TRAP cache directory",
2026-03-19T08:15:42.5166923Z                     "description" : "The directory of the TRAP cache to use",
2026-03-19T08:15:42.5168530Z                     "type" : "string"
2026-03-19T08:15:42.5169618Z                   },
2026-03-19T08:15:42.5170528Z                   "bound" : {
2026-03-19T08:15:42.5171605Z                     "title" : "TRAP cache bound",
2026-03-19T08:15:42.5173265Z                     "description" : "A soft limit (in MB) on the size of the TRAP cache",
2026-03-19T08:15:42.5175046Z                     "type" : "string",
2026-03-19T08:15:42.5176317Z                     "pattern" : "[0-9]+"
2026-03-19T08:15:42.5177433Z                   },
2026-03-19T08:15:42.5178320Z                   "write" : {
2026-03-19T08:15:42.5179443Z                     "title" : "TRAP cache writeable",
2026-03-19T08:15:42.5181223Z                     "description" : "Whether to write to the TRAP cache as well as reading it",
2026-03-19T08:15:42.5183024Z                     "type" : "string",
2026-03-19T08:15:42.5184620Z                     "pattern" : "(true|TRUE|false|FALSE)"
2026-03-19T08:15:42.5185098Z                   }
2026-03-19T08:15:42.5185493Z                 }
2026-03-19T08:15:42.5185814Z               }
2026-03-19T08:15:42.5186123Z             }
2026-03-19T08:15:42.5186401Z           },
2026-03-19T08:15:42.5186725Z           "skip_types" : {
2026-03-19T08:15:42.5187160Z             "title" : "Skip type extraction for TypeScript",
2026-03-19T08:15:42.5187956Z             "description" : "Whether to skip the extraction of types in a TypeScript application",
2026-03-19T08:15:42.5188662Z             "type" : "string",
2026-03-19T08:15:42.5189071Z             "pattern" : "^(false|true)$"
2026-03-19T08:15:42.5189461Z           }
2026-03-19T08:15:42.5189754Z         }
2026-03-19T08:15:42.5190015Z       }
2026-03-19T08:15:42.5190291Z     ],
2026-03-19T08:15:42.5190575Z     "ruby" : [
2026-03-19T08:15:42.5190852Z       {
2026-03-19T08:15:42.5191387Z         "extractor_root" : "/opt/github-runner/_work/_tool/CodeQL/2.24.3/x64/codeql/ruby",
2026-03-19T08:15:42.5192052Z         "extractor_options" : {
2026-03-19T08:15:42.5192436Z           "trap" : {
2026-03-19T08:15:42.5192809Z             "title" : "Options pertaining to TRAP.",
2026-03-19T08:15:42.5193366Z             "description" : "Options pertaining to TRAP.",
2026-03-19T08:15:42.5194105Z             "type" : "object",
2026-03-19T08:15:42.5194565Z             "properties" : {
2026-03-19T08:15:42.5194912Z               "compression" : {
2026-03-19T08:15:42.5195614Z                 "title" : "Controls compression for the TRAP files written by the extractor.",
2026-03-19T08:15:42.5197519Z                 "description" : "This option is only intended for use in debugging the extractor. Accepted values are 'gzip' (the default, to write gzip-compressed TRAP) 'zstd' (to write Zstandard-compressed TRAP) and 'none' (to write uncompressed TRAP).\n",
2026-03-19T08:15:42.5199130Z                 "type" : "string",
2026-03-19T08:15:42.5199572Z                 "pattern" : "^(none|gzip|zstd)$"
2026-03-19T08:15:42.5199997Z               }
2026-03-19T08:15:42.5200297Z             }
2026-03-19T08:15:42.5200601Z           }
2026-03-19T08:15:42.5200866Z         }
2026-03-19T08:15:42.5201150Z       }
2026-03-19T08:15:42.5201398Z     ],
2026-03-19T08:15:42.5201690Z     "swift" : [
2026-03-19T08:15:42.5201968Z       {
2026-03-19T08:15:42.5202507Z         "extractor_root" : "/opt/github-runner/_work/_tool/CodeQL/2.24.3/x64/codeql/swift"
2026-03-19T08:15:42.5203143Z       }
2026-03-19T08:15:42.5203416Z     ]
2026-03-19T08:15:42.5203662Z   }
2026-03-19T08:15:42.5203942Z }
2026-03-19T08:15:42.5217372Z Languages from configuration: go
2026-03-19T08:15:42.5395897Z Using Git version 2.47.3
2026-03-19T08:15:42.5410019Z Using overlay database mode: none without caching.
2026-03-19T08:15:42.5415833Z Not performing diff-informed analysis because we are not analyzing a pull request.
2026-03-19T08:15:42.5418325Z ##[endgroup]
2026-03-19T08:15:42.5454417Z ##[warning]Failed to determine the location of the Go binary: Error: Unable to locate executable file: go. Please verify either the file path exists or the file can be found within a directory specified by the PATH environment variable. Also check the file mode to verify the file is executable.
2026-03-19T08:15:42.5477709Z While resolving threads, found a cgroup CPUs file with 8 CPUs in /sys/fs/cgroup/cpuset.cpus.effective.
2026-03-19T08:15:43.6776421Z Writing augmented user configuration file to /opt/github-runner/_work/_temp/user-config.yaml
2026-03-19T08:15:43.6779444Z ##[group]Augmented user configuration file contents
2026-03-19T08:15:43.6793978Z {}
2026-03-19T08:15:43.6795671Z 
2026-03-19T08:15:43.6797880Z ##[endgroup]
2026-03-19T08:15:43.6807696Z [command]/opt/github-runner/_work/_tool/CodeQL/2.24.3/x64/codeql/codeql database init --force-overwrite --db-cluster /opt/github-runner/_work/_temp/codeql_databases --source-root=/opt/github-runner/_work/wrappp/wrappp --calculate-language-specific-baseline --sublanguage-file-coverage --extractor-include-aliases --language=go --begin-tracing --trace-process-name=Runner.Worker.exe --codescanning-config=/opt/github-runner/_work/_temp/user-config.yaml
2026-03-19T08:15:45.1920672Z Package install location: /home/github-runner/.codeql/packages
2026-03-19T08:15:45.1921350Z Nothing downloaded.
2026-03-19T08:15:45.6530070Z Calculating baseline information in /opt/github-runner/_work/wrappp/wrappp
2026-03-19T08:15:45.6976393Z Running command in /opt/github-runner/_work/wrappp/wrappp: [/opt/github-runner/_work/_tool/CodeQL/2.24.3/x64/codeql/go/tools/configure-baseline.sh]
2026-03-19T08:15:45.7287764Z Running command in /opt/github-runner/_work/wrappp/wrappp: [/opt/github-runner/_work/_tool/CodeQL/2.24.3/x64/codeql/actions/tools/configure-baseline.sh]
2026-03-19T08:15:45.7488554Z Calculated baseline information for languages: actions, go (94ms).
2026-03-19T08:15:48.8921741Z Resolving extractor go.
2026-03-19T08:15:48.8993535Z Successfully loaded extractor Go (go) from /opt/github-runner/_work/_tool/CodeQL/2.24.3/x64/codeql/go.
2026-03-19T08:15:48.9285980Z Created skeleton CodeQL database at /opt/github-runner/_work/_temp/codeql_databases/go. This in-progress database is ready to be populated by an extractor.
2026-03-19T08:15:50.6751721Z ##[group]Run github/codeql-action/autobuild@v3
2026-03-19T08:15:50.6753070Z with:
2026-03-19T08:15:50.6754036Z   token: ***
2026-03-19T08:15:50.6754877Z   matrix: null
2026-03-19T08:15:50.6755729Z env:
2026-03-19T08:15:50.6756505Z   CODEQL_ACTION_FEATURE_MULTI_LANGUAGE: false
2026-03-19T08:15:50.6757594Z   CODEQL_ACTION_FEATURE_SANDWICH: false
2026-03-19T08:15:50.6758694Z   CODEQL_ACTION_FEATURE_SARIF_COMBINE: true
2026-03-19T08:15:50.6759797Z   CODEQL_ACTION_FEATURE_WILL_UPLOAD: true
2026-03-19T08:15:50.6761067Z   CODEQL_ACTION_VERSION: 3.33.0
2026-03-19T08:15:50.6762428Z   CODEQL_ACTION_DID_LOG_VERSION_DEPRECATION: true
2026-03-19T08:15:50.6763870Z   JOB_RUN_UUID: 63cbeca9-3799-40db-8aaa-259f14ab12d5
2026-03-19T08:15:50.6765364Z   CODEQL_ACTION_INIT_HAS_RUN: true
2026-03-19T08:15:50.6766769Z   CODEQL_ACTION_ANALYSIS_KEY: .github/workflows/ci.yml:codeql
2026-03-19T08:15:50.6768364Z   CODEQL_WORKFLOW_STARTED_AT: 2026-03-19T08:14:58.666Z
2026-03-19T08:15:50.6769769Z   CODEQL_RAM: 6655
2026-03-19T08:15:50.6770644Z   CODEQL_THREADS: 8
2026-03-19T08:15:50.6772055Z   CODEQL_SCRATCH_DIR: /opt/github-runner/_work/_temp/codeql_databases/working
2026-03-19T08:15:50.6773746Z   CODEQL_VERBOSITY: warnings
2026-03-19T08:15:50.6774689Z   CODEQL_DIST: /opt/github-runner/_work/_tool/CodeQL/2.24.3/x64/codeql
2026-03-19T08:15:50.6775358Z   CODEQL_PLATFORM: linux64
2026-03-19T08:15:50.6775730Z   CODEQL_PLATFORM_DLL_EXTENSION: .so
2026-03-19T08:15:50.6776424Z   CODEQL_JAVA_HOME: /opt/github-runner/_work/_tool/CodeQL/2.24.3/x64/codeql/tools/linux64/java
2026-03-19T08:15:50.6777350Z   CODEQL_EXTRACTOR_GO_ROOT: /opt/github-runner/_work/_tool/CodeQL/2.24.3/x64/codeql/go
2026-03-19T08:15:50.6778265Z   CODEQL_EXTRACTOR_GO_WIP_DATABASE: /opt/github-runner/_work/_temp/codeql_databases/go
2026-03-19T08:15:50.6779351Z   CODEQL_EXTRACTOR_GO_DIAGNOSTIC_DIR: /opt/github-runner/_work/_temp/codeql_databases/go/diagnostic/extractors/go
2026-03-19T08:15:50.6780404Z   CODEQL_EXTRACTOR_GO_LOG_DIR: /opt/github-runner/_work/_temp/codeql_databases/go/log
2026-03-19T08:15:50.6781360Z   CODEQL_EXTRACTOR_GO_SCRATCH_DIR: /opt/github-runner/_work/_temp/codeql_databases/go/working
2026-03-19T08:15:50.6782324Z   CODEQL_EXTRACTOR_GO_TRAP_DIR: /opt/github-runner/_work/_temp/codeql_databases/go/trap/go
2026-03-19T08:15:50.6783315Z   CODEQL_EXTRACTOR_GO_SOURCE_ARCHIVE_DIR: /opt/github-runner/_work/_temp/codeql_databases/go/src
2026-03-19T08:15:50.6784069Z   SEMMLE_HANDLE_STATIC_BINARIES: true
2026-03-19T08:15:50.6785110Z   CODEQL_EXTRACTOR_GO_THREADS: 8
2026-03-19T08:15:50.6786498Z   CODEQL_EXTRACTOR_GO_RAM: 6655
2026-03-19T08:15:50.6788206Z   CODEQL_TRACER_LOG: /opt/github-runner/_work/_temp/codeql_databases/log/build-tracer.log
2026-03-19T08:15:50.6790900Z   CODEQL_TRACER_DIAGNOSTICS_DIR: /opt/github-runner/_work/_temp/codeql_databases/diagnostic/tracer
2026-03-19T08:15:50.6792946Z   CODEQL_TRACER_LANGUAGES: go
2026-03-19T08:15:50.6794712Z   SEMMLE_PRELOAD_libtrace: /opt/github-runner/_work/_tool/CodeQL/2.24.3/x64/codeql/tools/linux64/${LIB}_${PLATFORM}_trace.so
2026-03-19T08:15:50.6796222Z   SEMMLE_PRELOAD_libtrace32: /opt/github-runner/_work/_tool/CodeQL/2.24.3/x64/codeql/tools/linux64/lib32trace.so
2026-03-19T08:15:50.6797336Z   SEMMLE_PRELOAD_libtrace64: /opt/github-runner/_work/_tool/CodeQL/2.24.3/x64/codeql/tools/linux64/lib64trace.so
2026-03-19T08:15:50.6798355Z   CODEQL_RUNNER: /opt/github-runner/_work/_tool/CodeQL/2.24.3/x64/codeql/tools/linux64/runner
2026-03-19T08:15:50.6799363Z   LD_PRELOAD: /opt/github-runner/_work/_tool/CodeQL/2.24.3/x64/codeql/tools/linux64/${LIB}_${PLATFORM}_trace.so
2026-03-19T08:15:50.6800084Z ##[endgroup]
2026-03-19T08:15:53.4594205Z ##[group]Attempting to automatically build go code
2026-03-19T08:15:53.5047878Z Picked up JAVA_TOOL_OPTIONS:  -Dhttp.keepAlive=false -Dmaven.wagon.http.pool=false
2026-03-19T08:15:54.5481196Z [command]/opt/github-runner/_work/_tool/CodeQL/2.24.3/x64/codeql/go/tools/autobuild.sh 
2026-03-19T08:15:54.5670589Z 2026/03/19 04:15:54 
2026-03-19T08:15:54.5672655Z 2026/03/19 04:15:54 Unable to run the go command, is it installed?
2026-03-19T08:15:54.5674517Z Error: exec: "go": executable file not found in $PATH
2026-03-19T08:15:54.5733052Z ##[error]We were unable to automatically build your code. Please replace the call to the autobuild action with your custom build steps. Encountered a fatal error while running "/opt/github-runner/_work/_tool/CodeQL/2.24.3/x64/codeql/go/tools/autobuild.sh". Exit code was 1 and last log line was: Error: exec: "go": executable file not found in $PATH. See the logs for more details.
2026-03-19T08:15:54.9853404Z Post job cleanup.
2026-03-19T08:15:57.0269940Z Cleaned up database cluster directory /opt/github-runner/_work/_temp/codeql_databases.
2026-03-19T08:15:57.0271846Z CodeQL job status was failure.
2026-03-19T08:15:57.0305252Z Sending status report for init-post step.
2026-03-19T08:15:57.4617435Z Status report sent for init-post step.
2026-03-19T08:15:57.4991672Z Post job cleanup.
2026-03-19T08:15:57.6291522Z [command]/usr/bin/git version
2026-03-19T08:15:57.6418263Z git version 2.47.3
2026-03-19T08:15:57.6470207Z Temporarily overriding HOME='/opt/github-runner/_work/_temp/8af34532-dc54-4d13-94b5-b9808ab14fba' before making global git config changes
2026-03-19T08:15:57.6473546Z Adding repository directory to the temporary git global config as a safe directory
2026-03-19T08:15:57.6476605Z [command]/usr/bin/git config --global --add safe.directory /opt/github-runner/_work/wrappp/wrappp
2026-03-19T08:15:57.6575594Z [command]/usr/bin/git config --local --name-only --get-regexp core\.sshCommand
2026-03-19T08:15:57.6643836Z [command]/usr/bin/git submodule foreach --recursive sh -c "git config --local --name-only --get-regexp 'core\.sshCommand' && git config --local --unset-all 'core.sshCommand' || :"
2026-03-19T08:15:57.8215119Z [command]/usr/bin/git config --local --name-only --get-regexp http\.https\:\/\/github\.com\/\.extraheader
2026-03-19T08:15:57.8347746Z http.https://github.com/.extraheader
2026-03-19T08:15:57.8371514Z [command]/usr/bin/git config --local --unset-all http.https://github.com/.extraheader
2026-03-19T08:15:57.8517049Z [command]/usr/bin/git submodule foreach --recursive sh -c "git config --local --name-only --get-regexp 'http\.https\:\/\/github\.com\/\.extraheader' && git config --local --unset-all 'http.https://github.com/.extraheader' || :"
2026-03-19T08:15:58.0021557Z [command]/usr/bin/git config --local --name-only --get-regexp ^includeIf\.gitdir:
2026-03-19T08:15:58.0153369Z [command]/usr/bin/git submodule foreach --recursive git config --local --show-origin --name-only --get-regexp remote.origin.url
2026-03-19T08:15:58.2017763Z Cleaning up orphan processes
2026-03-19T08:15:58.2905736Z ##[warning]Node.js 20 actions are deprecated. The following actions are running on Node.js 20 and may not work as expected: actions/checkout@v4, github/codeql-action/autobuild@v3, github/codeql-action/init@v3. Actions will be forced to run with Node.js 24 by default starting June 2nd, 2026. Please check if updated versions of these actions are available that support Node.js 24. To opt into Node.js 24 now, set the FORCE_JAVASCRIPT_ACTIONS_TO_NODE24=true environment variable on the runner or in your workflow file. Once Node.js 24 becomes the default, you can temporarily opt out by setting ACTIONS_ALLOW_USE_UNSECURE_NODE_VERSION=true. For more information see: https://github.blog/changelog/2025-09-19-deprecation-of-node-20-on-github-actions-runners/